#
# A fatal error has been detected by the Java Runtime Environment:
#
#  EXCEPTION_ACCESS_VIOLATION (0xc0000005) at pc=0x00000286d3929b65, pid=5240, tid=9648
#
# JRE version: OpenJDK Runtime Environment JBR-11.0.8.10-944.34-jcef (11.0.8+10) (build 11.0.8+10-b944.34)
# Java VM: OpenJDK 64-Bit Server VM JBR-11.0.8.10-944.34-jcef (11.0.8+10-b944.34, mixed mode, tiered, compressed oops, g1 gc, windows-amd64)
# Problematic frame:
# C  0x00000286d3929b65
#
# No core dump will be written. Minidumps are not enabled by default on client versions of Windows
#
# If you would like to submit a bug report, please visit:
#   https://bugreport.java.com/bugreport/crash.jsp
#

---------------  S U M M A R Y ------------

Command Line: --add-opens=java.base/java.util=ALL-UNNAMED --add-opens=java.base/java.lang=ALL-UNNAMED --add-opens=java.base/java.lang.invoke=ALL-UNNAMED --add-opens=java.prefs/java.util.prefs=ALL-UNNAMED -Xmx2048m -Dfile.encoding=windows-1251 -Duser.country=RU -Duser.language=ru -Duser.variant org.gradle.launcher.daemon.bootstrap.GradleDaemon 6.1.1

Host: Intel(R) Celeron(R) N4000 CPU @ 1.10GHz, 2 cores, 3G,  Windows 10 , 64 bit Build 18362 (10.0.18362.1110)
Time: Sun Nov  1 15:09:09 2020 RTZ 2 (ceia) elapsed time: 102 seconds (0d 0h 1m 42s)

---------------  T H R E A D  ---------------

Current thread (0x000002869ece3800):  JavaThread "Daemon worker" [_thread_in_Java, id=9648, stack(0x000000b3f8c00000,0x000000b3f8d00000)]

Stack: [0x000000b3f8c00000,0x000000b3f8d00000],  sp=0x000000b3f8cf8710,  free space=993k
Native frames: (J=compiled Java code, j=interpreted, Vv=VM code, C=native code)
C  0x00000286d3929b65


siginfo: EXCEPTION_ACCESS_VIOLATION (0xc0000005), data execution prevention violation at address 0x00000286d3929b65


Register to memory mapping:

RIP=0x00000286d3929b65 is an unknown value
RAX=0x000000008625e410 is an oop: kotlin.reflect.jvm.internal.impl.metadata.ProtoBuf$ValueParameter 
{0x000000008625e410} - klass: 'kotlin/reflect/jvm/internal/impl/metadata/ProtoBuf$ValueParameter'
RBX=0x0 is NULL
RCX=0x0000000000000009 is an unknown value
RDX=0x000000b3f8cf86b8 is pointing into the stack for thread: 0x000002869ece3800
RSP=0x000000b3f8cf8710 is pointing into the stack for thread: 0x000002869ece3800
RBP=0x000000b3f8cf8760 is pointing into the stack for thread: 0x000002869ece3800
RSI=0x0 is NULL
RDI=0x0 is NULL
R8 =0x000002869695335c points into unknown readable memory: 20 20 20 20
R9 =0x000000008625e618 is an oop: java.lang.Class 
{0x000000008625e618} - klass: 'java/lang/Class'
R10=0x00007ffb497c618e jvm.dll
R11=0x000002868f8acea0 is at entry_point+0 in (nmethod*)0x000002868f8acd10
R12=0x0 is NULL
R13=0x00000286a7e7ea73 is pointing into metadata
R14=0x000000b3f8cf8770 is pointing into the stack for thread: 0x000002869ece3800
R15=0x000002869ece3800 is a thread


Registers:
RAX=0x000000008625e410, RBX=0x0000000000000000, RCX=0x0000000000000009, RDX=0x000000b3f8cf86b8
RSP=0x000000b3f8cf8710, RBP=0x000000b3f8cf8760, RSI=0x0000000000000000, RDI=0x0000000000000000
R8 =0x000002869695335c, R9 =0x000000008625e618, R10=0x00007ffb497c618e, R11=0x000002868f8acea0
R12=0x0000000000000000, R13=0x00000286a7e7ea73, R14=0x000000b3f8cf8770, R15=0x000002869ece3800
RIP=0x00000286d3929b65, EFLAGS=0x0000000000010246

Top of Stack: (sp=0x000000b3f8cf8710)
0x000000b3f8cf8710:   000000008666b8d8 000000b3f8cf8718
0x000000b3f8cf8720:   00000286a7e7ea73 000000b3f8cf8770
0x000000b3f8cf8730:   00000286a7e80548 0000000000000000
0x000000b3f8cf8740:   000000008625e230 00000286a7e7eab0
0x000000b3f8cf8750:   0000000000000000 000000b3f8cf8770
0x000000b3f8cf8760:   000000b3f8cf87c0 0000028687929d43
0x000000b3f8cf8770:   000000008666b8d8 000000b3f8cf8778
0x000000b3f8cf8780:   00000286a7e7d06f 000000b3f8cf8838
0x000000b3f8cf8790:   00000286a7e80548 0000000000000000
0x000000b3f8cf87a0:   000000008625e230 00000286a7e7d5e0
0x000000b3f8cf87b0:   000000b3f8cf8770 000000b3f8cf8828
0x000000b3f8cf87c0:   000000b3f8cf8888 0000028687929d43
0x000000b3f8cf87d0:   0000000000000000 0000000000000000
0x000000b3f8cf87e0:   0000000000000000 0000000000000000
0x000000b3f8cf87f0:   0000000000000000 0000000000000000
0x000000b3f8cf8800:   0000000000000000 0000000000000000 

Instructions: (pc=0x00000286d3929b65)
0x00000286d3929a65:   ?? ?? ?? ?? ?? ?? ?? ?? ?? ?? ?? ?? ?? ?? ?? ??
0x00000286d3929a75:   ?? ?? ?? ?? ?? ?? ?? ?? ?? ?? ?? ?? ?? ?? ?? ??
0x00000286d3929a85:   ?? ?? ?? ?? ?? ?? ?? ?? ?? ?? ?? ?? ?? ?? ?? ??
0x00000286d3929a95:   ?? ?? ?? ?? ?? ?? ?? ?? ?? ?? ?? ?? ?? ?? ?? ??
0x00000286d3929aa5:   ?? ?? ?? ?? ?? ?? ?? ?? ?? ?? ?? ?? ?? ?? ?? ??
0x00000286d3929ab5:   ?? ?? ?? ?? ?? ?? ?? ?? ?? ?? ?? ?? ?? ?? ?? ??
0x00000286d3929ac5:   ?? ?? ?? ?? ?? ?? ?? ?? ?? ?? ?? ?? ?? ?? ?? ??
0x00000286d3929ad5:   ?? ?? ?? ?? ?? ?? ?? ?? ?? ?? ?? ?? ?? ?? ?? ??
0x00000286d3929ae5:   ?? ?? ?? ?? ?? ?? ?? ?? ?? ?? ?? ?? ?? ?? ?? ??
0x00000286d3929af5:   ?? ?? ?? ?? ?? ?? ?? ?? ?? ?? ?? ?? ?? ?? ?? ??
0x00000286d3929b05:   ?? ?? ?? ?? ?? ?? ?? ?? ?? ?? ?? ?? ?? ?? ?? ??
0x00000286d3929b15:   ?? ?? ?? ?? ?? ?? ?? ?? ?? ?? ?? ?? ?? ?? ?? ??
0x00000286d3929b25:   ?? ?? ?? ?? ?? ?? ?? ?? ?? ?? ?? ?? ?? ?? ?? ??
0x00000286d3929b35:   ?? ?? ?? ?? ?? ?? ?? ?? ?? ?? ?? ?? ?? ?? ?? ??
0x00000286d3929b45:   ?? ?? ?? ?? ?? ?? ?? ?? ?? ?? ?? ?? ?? ?? ?? ??
0x00000286d3929b55:   ?? ?? ?? ?? ?? ?? ?? ?? ?? ?? ?? ?? ?? ?? ?? ??
0x00000286d3929b65:   ?? ?? ?? ?? ?? ?? ?? ?? ?? ?? ?? ?? ?? ?? ?? ??
0x00000286d3929b75:   ?? ?? ?? ?? ?? ?? ?? ?? ?? ?? ?? ?? ?? ?? ?? ??
0x00000286d3929b85:   ?? ?? ?? ?? ?? ?? ?? ?? ?? ?? ?? ?? ?? ?? ?? ??
0x00000286d3929b95:   ?? ?? ?? ?? ?? ?? ?? ?? ?? ?? ?? ?? ?? ?? ?? ??
0x00000286d3929ba5:   ?? ?? ?? ?? ?? ?? ?? ?? ?? ?? ?? ?? ?? ?? ?? ??
0x00000286d3929bb5:   ?? ?? ?? ?? ?? ?? ?? ?? ?? ?? ?? ?? ?? ?? ?? ??
0x00000286d3929bc5:   ?? ?? ?? ?? ?? ?? ?? ?? ?? ?? ?? ?? ?? ?? ?? ??
0x00000286d3929bd5:   ?? ?? ?? ?? ?? ?? ?? ?? ?? ?? ?? ?? ?? ?? ?? ??
0x00000286d3929be5:   ?? ?? ?? ?? ?? ?? ?? ?? ?? ?? ?? ?? ?? ?? ?? ??
0x00000286d3929bf5:   ?? ?? ?? ?? ?? ?? ?? ?? ?? ?? ?? ?? ?? ?? ?? ??
0x00000286d3929c05:   ?? ?? ?? ?? ?? ?? ?? ?? ?? ?? ?? ?? ?? ?? ?? ??
0x00000286d3929c15:   ?? ?? ?? ?? ?? ?? ?? ?? ?? ?? ?? ?? ?? ?? ?? ??
0x00000286d3929c25:   ?? ?? ?? ?? ?? ?? ?? ?? ?? ?? ?? ?? ?? ?? ?? ??
0x00000286d3929c35:   ?? ?? ?? ?? ?? ?? ?? ?? ?? ?? ?? ?? ?? ?? ?? ??
0x00000286d3929c45:   ?? ?? ?? ?? ?? ?? ?? ?? ?? ?? ?? ?? ?? ?? ?? ??
0x00000286d3929c55:   ?? ?? ?? ?? ?? ?? ?? ?? ?? ?? ?? ?? ?? ?? ?? ?? 


Stack slot to memory mapping:
stack at sp + 0 slots: 0x000000008666b8d8 is an oop: kotlin.reflect.jvm.internal.impl.metadata.ProtoBuf$Property 
{0x000000008666b8d8} - klass: 'kotlin/reflect/jvm/internal/impl/metadata/ProtoBuf$Property'
stack at sp + 1 slots: 0x000000b3f8cf8718 is pointing into the stack for thread: 0x000002869ece3800
stack at sp + 2 slots: 0x00000286a7e7ea73 is pointing into metadata
stack at sp + 3 slots: 0x000000b3f8cf8770 is pointing into the stack for thread: 0x000002869ece3800
stack at sp + 4 slots: 0x00000286a7e80548 is pointing into metadata
stack at sp + 5 slots: 0x0 is NULL
stack at sp + 6 slots: 0x000000008625e230 is an oop: java.lang.Class 
{0x000000008625e230} - klass: 'java/lang/Class'
stack at sp + 7 slots: {method} {0x00000286a7e7eab8} 'initFields' '()V' in 'kotlin/reflect/jvm/internal/impl/metadata/ProtoBuf$Property'


---------------  P R O C E S S  ---------------

Threads class SMR info:
_java_thread_list=0x00000286a4623c70, length=31, elements={
0x0000028684100000, 0x000002869d4c3000, 0x000002869d4c4800, 0x000002869d4df800,
0x000002869d4e1800, 0x000002869d4e2800, 0x000002869d4e8000, 0x000002869dea5000,
0x000002869dfc2000, 0x000002869dffe800, 0x000002869effd800, 0x000002869f92d800,
0x000002869f1b8800, 0x000002869f651800, 0x000002869e111800, 0x000002869ff27800,
0x000002869ece3800, 0x000002869f820000, 0x000002869e314000, 0x000002869f9bc000,
0x000002869f9bd800, 0x000002869f9bc800, 0x000002869f9c0000, 0x000002869f9bb000,
0x000002869f9ba800, 0x000002869f9be800, 0x000002869f9bf000, 0x00000286a087b800,
0x00000286a087c800, 0x00000286a087a800, 0x00000286a0877800
}

Java Threads: ( => current thread )
  0x0000028684100000 JavaThread "main" [_thread_blocked, id=7220, stack(0x000000b3f7400000,0x000000b3f7500000)]
  0x000002869d4c3000 JavaThread "Reference Handler" daemon [_thread_blocked, id=8824, stack(0x000000b3f7b00000,0x000000b3f7c00000)]
  0x000002869d4c4800 JavaThread "Finalizer" daemon [_thread_blocked, id=2116, stack(0x000000b3f7c00000,0x000000b3f7d00000)]
  0x000002869d4df800 JavaThread "Signal Dispatcher" daemon [_thread_blocked, id=8108, stack(0x000000b3f7d00000,0x000000b3f7e00000)]
  0x000002869d4e1800 JavaThread "Attach Listener" daemon [_thread_blocked, id=8268, stack(0x000000b3f7e00000,0x000000b3f7f00000)]
  0x000002869d4e2800 JavaThread "C2 CompilerThread0" daemon [_thread_blocked, id=3168, stack(0x000000b3f7f00000,0x000000b3f8000000)]
  0x000002869d4e8000 JavaThread "C1 CompilerThread0" daemon [_thread_blocked, id=860, stack(0x000000b3f8000000,0x000000b3f8100000)]
  0x000002869dea5000 JavaThread "Sweeper thread" daemon [_thread_blocked, id=2800, stack(0x000000b3f8100000,0x000000b3f8200000)]
  0x000002869dfc2000 JavaThread "Common-Cleaner" daemon [_thread_blocked, id=7644, stack(0x000000b3f8200000,0x000000b3f8300000)]
  0x000002869dffe800 JavaThread "Service Thread" daemon [_thread_blocked, id=10200, stack(0x000000b3f8300000,0x000000b3f8400000)]
  0x000002869effd800 JavaThread "Daemon health stats" [_thread_blocked, id=8512, stack(0x000000b3f8600000,0x000000b3f8700000)]
  0x000002869f92d800 JavaThread "Incoming local TCP Connector on port 58081" [_thread_in_native, id=4856, stack(0x000000b3f8700000,0x000000b3f8800000)]
  0x000002869f1b8800 JavaThread "Daemon periodic checks" [_thread_blocked, id=6856, stack(0x000000b3f8800000,0x000000b3f8900000)]
  0x000002869f651800 JavaThread "Daemon" [_thread_blocked, id=4036, stack(0x000000b3f8900000,0x000000b3f8a00000)]
  0x000002869e111800 JavaThread "Handler for socket connection from /127.0.0.1:58081 to /127.0.0.1:58082" [_thread_in_native, id=2688, stack(0x000000b3f8a00000,0x000000b3f8b00000)]
  0x000002869ff27800 JavaThread "Cancel handler" [_thread_blocked, id=10168, stack(0x000000b3f8b00000,0x000000b3f8c00000)]
=>0x000002869ece3800 JavaThread "Daemon worker" [_thread_in_Java, id=9648, stack(0x000000b3f8c00000,0x000000b3f8d00000)]
  0x000002869f820000 JavaThread "Asynchronous log dispatcher for DefaultDaemonConnection: socket connection from /127.0.0.1:58081 to /127.0.0.1:58082" [_thread_blocked, id=1636, stack(0x000000b3f8d00000,0x000000b3f8e00000)]
  0x000002869e314000 JavaThread "Thread-8" [_thread_blocked, id=8468, stack(0x000000b3f8f00000,0x000000b3f9000000)]
  0x000002869f9bc000 JavaThread "Cache worker for journal cache (C:\Users\Test\.gradle\caches\journal-1)" [_thread_blocked, id=8416, stack(0x000000b3f9000000,0x000000b3f9100000)]
  0x000002869f9bd800 JavaThread "File lock request listener" [_thread_in_native, id=7992, stack(0x000000b3f9100000,0x000000b3f9200000)]
  0x000002869f9bc800 JavaThread "Cache worker for file hash cache (C:\Users\Test\.gradle\caches\6.1.1\fileHashes)" [_thread_blocked, id=8072, stack(0x000000b3f9200000,0x000000b3f9300000)]
  0x000002869f9c0000 JavaThread "Cache worker for checksums cache (D:\Kotlin\Scorina\one\.gradle\checksums)" [_thread_blocked, id=5712, stack(0x000000b3f9300000,0x000000b3f9400000)]
  0x000002869f9bb000 JavaThread "Cache worker for file hash cache (D:\Kotlin\Scorina\one\.gradle\6.1.1\fileHashes)" [_thread_blocked, id=5176, stack(0x000000b3f9400000,0x000000b3f9500000)]
  0x000002869f9ba800 JavaThread "Cache worker for cache directory md-supplier (C:\Users\Test\.gradle\caches\6.1.1\md-supplier)" [_thread_blocked, id=8696, stack(0x000000b3f9500000,0x000000b3f9600000)]
  0x000002869f9be800 JavaThread "Cache worker for cache directory md-rule (C:\Users\Test\.gradle\caches\6.1.1\md-rule)" [_thread_blocked, id=6112, stack(0x000000b3f9600000,0x000000b3f9700000)]
  0x000002869f9bf000 JavaThread "Cache worker for execution history cache (C:\Users\Test\.gradle\caches\6.1.1\executionHistory)" [_thread_blocked, id=4484, stack(0x000000b3f9700000,0x000000b3f9800000)]
  0x00000286a087b800 JavaThread "Build operations" [_thread_blocked, id=8096, stack(0x000000b3f9a00000,0x000000b3f9b00000)]
  0x00000286a087c800 JavaThread "Build operations Thread 2" [_thread_blocked, id=6480, stack(0x000000b3f9b00000,0x000000b3f9c00000)]
  0x00000286a087a800 JavaThread "Cache worker for Build Output Cleanup Cache (D:\Kotlin\Scorina\one\.gradle\buildOutputCleanup)" [_thread_blocked, id=8872, stack(0x000000b3f7200000,0x000000b3f7300000)]
  0x00000286a0877800 JavaThread "Cache worker for execution history cache (D:\Kotlin\Scorina\one\.gradle\6.1.1\executionHistory)" [_thread_blocked, id=4632, stack(0x000000b3f8e00000,0x000000b3f8f00000)]

Other Threads:
  0x000002869d4bb000 VMThread "VM Thread" [stack: 0x000000b3f7a00000,0x000000b3f7b00000] [id=10184] _threads_hazard_ptr=0x00000286a4623c70
  0x000002869dfe9000 WatcherThread [stack: 0x000000b3f8400000,0x000000b3f8500000] [id=1124]
  0x0000028684114800 GCTaskThread "GC Thread#0" [stack: 0x000000b3f7500000,0x000000b3f7600000] [id=9824]
  0x000002869e160000 GCTaskThread "GC Thread#1" [stack: 0x000000b3f8500000,0x000000b3f8600000] [id=4508]
  0x0000028684146800 ConcurrentGCThread "G1 Main Marker" [stack: 0x000000b3f7600000,0x000000b3f7700000] [id=4608]
  0x0000028684147800 ConcurrentGCThread "G1 Conc#0" [stack: 0x000000b3f7700000,0x000000b3f7800000] [id=8144]
  0x0000028684199000 ConcurrentGCThread "G1 Refine#0" [stack: 0x000000b3f7800000,0x000000b3f7900000] [id=64]
  0x000002868419c800 ConcurrentGCThread "G1 Young RemSet Sampling" [stack: 0x000000b3f7900000,0x000000b3f7a00000] [id=7156]

Threads with active compile tasks:
C2 CompilerThread0 103652 8584       4       javax.management.ObjectName::construct (1135 bytes)

VM state:synchronizing (normal execution)

VM Mutex/Monitor currently owned by a thread:  ([mutex/lock_event])
[0x00000286840fe050] Safepoint_lock - owner thread: 0x000002869d4bb000
[0x00000286840fe680] Threads_lock - owner thread: 0x000002869d4bb000

Heap address: 0x0000000080000000, size: 2048 MB, Compressed Oops mode: 32-bit
Narrow klass base: 0x0000000000000000, Narrow klass shift: 3
Compressed class space size: 1073741824 Address: 0x0000000100000000

Heap:
 garbage-first heap   total 125952K, used 104876K [0x0000000080000000, 0x0000000100000000)
  region size 1024K, 23 young (23552K), 2 survivors (2048K)
 Metaspace       used 82261K, capacity 84273K, committed 84528K, reserved 1122304K
  class space    used 10629K, capacity 11277K, committed 11392K, reserved 1048576K
Heap Regions: E=young(eden), S=young(survivor), O=old, HS=humongous(starts), HC=humongous(continues), CS=collection set, F=free, A=archive, TAMS=top-at-mark-start (previous, next)
|   0|0x0000000080000000, 0x0000000080100000, 0x0000000080100000|100%|HS|  |TAMS 0x0000000080100000, 0x0000000080000000| Complete 
|   1|0x0000000080100000, 0x0000000080200000, 0x0000000080200000|100%|HC|  |TAMS 0x0000000080200000, 0x0000000080100000| Complete 
|   2|0x0000000080200000, 0x0000000080300000, 0x0000000080300000|100%|HC|  |TAMS 0x0000000080300000, 0x0000000080200000| Complete 
|   3|0x0000000080300000, 0x0000000080400000, 0x0000000080400000|100%| O|  |TAMS 0x0000000080400000, 0x0000000080300000| Untracked 
|   4|0x0000000080400000, 0x0000000080500000, 0x0000000080500000|100%| O|  |TAMS 0x0000000080500000, 0x0000000080400000| Untracked 
|   5|0x0000000080500000, 0x0000000080600000, 0x0000000080600000|100%| O|  |TAMS 0x0000000080600000, 0x0000000080500000| Untracked 
|   6|0x0000000080600000, 0x0000000080700000, 0x0000000080700000|100%| O|  |TAMS 0x0000000080700000, 0x0000000080600000| Untracked 
|   7|0x0000000080700000, 0x0000000080800000, 0x0000000080800000|100%| O|  |TAMS 0x0000000080800000, 0x0000000080700000| Untracked 
|   8|0x0000000080800000, 0x0000000080900000, 0x0000000080900000|100%| O|  |TAMS 0x0000000080900000, 0x0000000080800000| Untracked 
|   9|0x0000000080900000, 0x0000000080a00000, 0x0000000080a00000|100%| O|  |TAMS 0x0000000080a00000, 0x0000000080900000| Untracked 
|  10|0x0000000080a00000, 0x0000000080b00000, 0x0000000080b00000|100%| O|  |TAMS 0x0000000080b00000, 0x0000000080a00000| Untracked 
|  11|0x0000000080b00000, 0x0000000080c00000, 0x0000000080c00000|100%| O|  |TAMS 0x0000000080c00000, 0x0000000080b00000| Untracked 
|  12|0x0000000080c00000, 0x0000000080d00000, 0x0000000080d00000|100%| O|  |TAMS 0x0000000080d00000, 0x0000000080c00000| Untracked 
|  13|0x0000000080d00000, 0x0000000080e00000, 0x0000000080e00000|100%| O|  |TAMS 0x0000000080e00000, 0x0000000080d00000| Untracked 
|  14|0x0000000080e00000, 0x0000000080f00000, 0x0000000080f00000|100%| O|  |TAMS 0x0000000080f00000, 0x0000000080e00000| Untracked 
|  15|0x0000000080f00000, 0x0000000081000000, 0x0000000081000000|100%| O|  |TAMS 0x0000000081000000, 0x0000000080f00000| Untracked 
|  16|0x0000000081000000, 0x0000000081100000, 0x0000000081100000|100%|HS|  |TAMS 0x0000000081100000, 0x0000000081000000| Complete 
|  17|0x0000000081100000, 0x0000000081200000, 0x0000000081200000|100%|HC|  |TAMS 0x0000000081200000, 0x0000000081100000| Complete 
|  18|0x0000000081200000, 0x0000000081300000, 0x0000000081300000|100%|HS|  |TAMS 0x0000000081300000, 0x0000000081200000| Complete 
|  19|0x0000000081300000, 0x0000000081400000, 0x0000000081400000|100%|HC|  |TAMS 0x0000000081400000, 0x0000000081300000| Complete 
|  20|0x0000000081400000, 0x0000000081500000, 0x0000000081500000|100%|HC|  |TAMS 0x0000000081500000, 0x0000000081400000| Complete 
|  21|0x0000000081500000, 0x0000000081600000, 0x0000000081600000|100%|HS|  |TAMS 0x0000000081600000, 0x0000000081500000| Complete 
|  22|0x0000000081600000, 0x0000000081700000, 0x0000000081700000|100%|HC|  |TAMS 0x0000000081700000, 0x0000000081600000| Complete 
|  23|0x0000000081700000, 0x0000000081800000, 0x0000000081800000|100%|HC|  |TAMS 0x0000000081800000, 0x0000000081700000| Complete 
|  24|0x0000000081800000, 0x0000000081900000, 0x0000000081900000|100%|HC|  |TAMS 0x0000000081900000, 0x0000000081800000| Complete 
|  25|0x0000000081900000, 0x0000000081a00000, 0x0000000081a00000|100%| O|  |TAMS 0x0000000081a00000, 0x0000000081900000| Untracked 
|  26|0x0000000081a00000, 0x0000000081b00000, 0x0000000081b00000|100%| O|  |TAMS 0x0000000081b00000, 0x0000000081a00000| Untracked 
|  27|0x0000000081b00000, 0x0000000081c00000, 0x0000000081c00000|100%| O|  |TAMS 0x0000000081c00000, 0x0000000081b00000| Untracked 
|  28|0x0000000081c00000, 0x0000000081d00000, 0x0000000081d00000|100%| O|  |TAMS 0x0000000081d00000, 0x0000000081c00000| Untracked 
|  29|0x0000000081d00000, 0x0000000081e00000, 0x0000000081e00000|100%| O|  |TAMS 0x0000000081e00000, 0x0000000081d00000| Untracked 
|  30|0x0000000081e00000, 0x0000000081f00000, 0x0000000081f00000|100%| O|  |TAMS 0x0000000081f00000, 0x0000000081e00000| Untracked 
|  31|0x0000000081f00000, 0x0000000082000000, 0x0000000082000000|100%| O|  |TAMS 0x0000000082000000, 0x0000000081f00000| Untracked 
|  32|0x0000000082000000, 0x0000000082100000, 0x0000000082100000|100%| O|  |TAMS 0x0000000082100000, 0x0000000082000000| Untracked 
|  33|0x0000000082100000, 0x0000000082200000, 0x0000000082200000|100%| O|  |TAMS 0x0000000082200000, 0x0000000082100000| Untracked 
|  34|0x0000000082200000, 0x0000000082300000, 0x0000000082300000|100%| O|  |TAMS 0x0000000082300000, 0x0000000082200000| Untracked 
|  35|0x0000000082300000, 0x0000000082400000, 0x0000000082400000|100%| O|  |TAMS 0x0000000082400000, 0x0000000082300000| Untracked 
|  36|0x0000000082400000, 0x0000000082500000, 0x0000000082500000|100%|HS|  |TAMS 0x0000000082500000, 0x0000000082400000| Complete 
|  37|0x0000000082500000, 0x0000000082600000, 0x0000000082600000|100%|HC|  |TAMS 0x0000000082600000, 0x0000000082500000| Complete 
|  38|0x0000000082600000, 0x0000000082700000, 0x0000000082700000|100%|HC|  |TAMS 0x0000000082700000, 0x0000000082600000| Complete 
|  39|0x0000000082700000, 0x0000000082800000, 0x0000000082800000|100%|HC|  |TAMS 0x0000000082800000, 0x0000000082700000| Complete 
|  40|0x0000000082800000, 0x0000000082900000, 0x0000000082900000|100%| O|  |TAMS 0x0000000082900000, 0x0000000082800000| Untracked 
|  41|0x0000000082900000, 0x0000000082a00000, 0x0000000082a00000|100%| O|  |TAMS 0x0000000082a00000, 0x0000000082900000| Untracked 
|  42|0x0000000082a00000, 0x0000000082b00000, 0x0000000082b00000|100%| O|  |TAMS 0x0000000082b00000, 0x0000000082a00000| Untracked 
|  43|0x0000000082b00000, 0x0000000082c00000, 0x0000000082c00000|100%| O|  |TAMS 0x0000000082c00000, 0x0000000082b00000| Untracked 
|  44|0x0000000082c00000, 0x0000000082d00000, 0x0000000082d00000|100%| O|  |TAMS 0x0000000082d00000, 0x0000000082c00000| Untracked 
|  45|0x0000000082d00000, 0x0000000082e00000, 0x0000000082e00000|100%|HS|  |TAMS 0x0000000082e00000, 0x0000000082d00000| Complete 
|  46|0x0000000082e00000, 0x0000000082f00000, 0x0000000082f00000|100%|HC|  |TAMS 0x0000000082f00000, 0x0000000082e00000| Complete 
|  47|0x0000000082f00000, 0x0000000083000000, 0x0000000083000000|100%|HC|  |TAMS 0x0000000083000000, 0x0000000082f00000| Complete 
|  48|0x0000000083000000, 0x0000000083100000, 0x0000000083100000|100%| O|  |TAMS 0x0000000083100000, 0x0000000083000000| Untracked 
|  49|0x0000000083100000, 0x0000000083200000, 0x0000000083200000|100%| O|  |TAMS 0x0000000083200000, 0x0000000083100000| Untracked 
|  50|0x0000000083200000, 0x0000000083300000, 0x0000000083300000|100%| O|  |TAMS 0x0000000083300000, 0x0000000083200000| Untracked 
|  51|0x0000000083300000, 0x0000000083400000, 0x0000000083400000|100%|HS|  |TAMS 0x0000000083400000, 0x0000000083300000| Complete 
|  52|0x0000000083400000, 0x0000000083500000, 0x0000000083500000|100%|HC|  |TAMS 0x0000000083500000, 0x0000000083400000| Complete 
|  53|0x0000000083500000, 0x0000000083600000, 0x0000000083600000|100%|HC|  |TAMS 0x0000000083600000, 0x0000000083500000| Complete 
|  54|0x0000000083600000, 0x0000000083700000, 0x0000000083700000|100%| O|  |TAMS 0x0000000083700000, 0x0000000083600000| Untracked 
|  55|0x0000000083700000, 0x0000000083800000, 0x0000000083800000|100%| O|  |TAMS 0x0000000083800000, 0x0000000083700000| Untracked 
|  56|0x0000000083800000, 0x0000000083900000, 0x0000000083900000|100%|HS|  |TAMS 0x0000000083900000, 0x0000000083800000| Complete 
|  57|0x0000000083900000, 0x0000000083a00000, 0x0000000083a00000|100%|HC|  |TAMS 0x0000000083a00000, 0x0000000083900000| Complete 
|  58|0x0000000083a00000, 0x0000000083b00000, 0x0000000083b00000|100%| O|  |TAMS 0x0000000083b00000, 0x0000000083a00000| Untracked 
|  59|0x0000000083b00000, 0x0000000083c00000, 0x0000000083c00000|100%| O|  |TAMS 0x0000000083c00000, 0x0000000083b00000| Untracked 
|  60|0x0000000083c00000, 0x0000000083d00000, 0x0000000083d00000|100%| O|  |TAMS 0x0000000083d00000, 0x0000000083c00000| Untracked 
|  61|0x0000000083d00000, 0x0000000083e00000, 0x0000000083e00000|100%| O|  |TAMS 0x0000000083e00000, 0x0000000083d00000| Untracked 
|  62|0x0000000083e00000, 0x0000000083f00000, 0x0000000083f00000|100%| O|  |TAMS 0x0000000083f00000, 0x0000000083e00000| Untracked 
|  63|0x0000000083f00000, 0x0000000084000000, 0x0000000084000000|100%| O|  |TAMS 0x0000000084000000, 0x0000000083f00000| Untracked 
|  64|0x0000000084000000, 0x0000000084100000, 0x0000000084100000|100%| O|  |TAMS 0x0000000084100000, 0x0000000084000000| Untracked 
|  65|0x0000000084100000, 0x0000000084200000, 0x0000000084200000|100%| O|  |TAMS 0x0000000084200000, 0x0000000084100000| Untracked 
|  66|0x0000000084200000, 0x0000000084300000, 0x0000000084300000|100%| O|  |TAMS 0x0000000084300000, 0x0000000084200000| Untracked 
|  67|0x0000000084300000, 0x0000000084400000, 0x0000000084400000|100%| O|  |TAMS 0x0000000084400000, 0x0000000084300000| Untracked 
|  68|0x0000000084400000, 0x0000000084500000, 0x0000000084500000|100%| O|  |TAMS 0x0000000084500000, 0x0000000084400000| Untracked 
|  69|0x0000000084500000, 0x0000000084600000, 0x0000000084600000|100%| O|  |TAMS 0x0000000084600000, 0x0000000084500000| Untracked 
|  70|0x0000000084600000, 0x0000000084700000, 0x0000000084700000|100%| O|  |TAMS 0x0000000084700000, 0x0000000084600000| Untracked 
|  71|0x0000000084700000, 0x0000000084800000, 0x0000000084800000|100%| O|  |TAMS 0x0000000084800000, 0x0000000084700000| Untracked 
|  72|0x0000000084800000, 0x0000000084900000, 0x0000000084900000|100%| O|  |TAMS 0x0000000084900000, 0x0000000084800000| Untracked 
|  73|0x0000000084900000, 0x0000000084a00000, 0x0000000084a00000|100%| O|  |TAMS 0x0000000084a00000, 0x0000000084900000| Untracked 
|  74|0x0000000084a00000, 0x0000000084b00000, 0x0000000084b00000|100%| O|  |TAMS 0x0000000084b00000, 0x0000000084a00000| Untracked 
|  75|0x0000000084b00000, 0x0000000084c00000, 0x0000000084c00000|100%| O|  |TAMS 0x0000000084c00000, 0x0000000084b00000| Untracked 
|  76|0x0000000084c00000, 0x0000000084d00000, 0x0000000084d00000|100%| O|  |TAMS 0x0000000084d00000, 0x0000000084c00000| Untracked 
|  77|0x0000000084d00000, 0x0000000084e00000, 0x0000000084e00000|100%| O|  |TAMS 0x0000000084e00000, 0x0000000084d00000| Untracked 
|  78|0x0000000084e00000, 0x0000000084f00000, 0x0000000084f00000|100%| O|  |TAMS 0x0000000084f00000, 0x0000000084e00000| Untracked 
|  79|0x0000000084f00000, 0x0000000085000000, 0x0000000085000000|100%| O|  |TAMS 0x0000000085000000, 0x0000000084f00000| Untracked 
|  80|0x0000000085000000, 0x0000000085100000, 0x0000000085100000|100%| O|  |TAMS 0x0000000085100000, 0x0000000085000000| Untracked 
|  81|0x0000000085100000, 0x000000008512ea00, 0x0000000085200000| 18%| O|  |TAMS 0x000000008512ea00, 0x0000000085100000| Untracked 
|  82|0x0000000085200000, 0x0000000085200000, 0x0000000085300000|  0%| F|  |TAMS 0x0000000085200000, 0x0000000085200000| Untracked 
|  83|0x0000000085300000, 0x0000000085300000, 0x0000000085400000|  0%| F|  |TAMS 0x0000000085300000, 0x0000000085300000| Untracked 
|  84|0x0000000085400000, 0x0000000085400000, 0x0000000085500000|  0%| F|  |TAMS 0x0000000085400000, 0x0000000085400000| Untracked 
|  85|0x0000000085500000, 0x0000000085500000, 0x0000000085600000|  0%| F|  |TAMS 0x0000000085500000, 0x0000000085500000| Untracked 
|  86|0x0000000085600000, 0x0000000085600000, 0x0000000085700000|  0%| F|  |TAMS 0x0000000085600000, 0x0000000085600000| Untracked 
|  87|0x0000000085700000, 0x0000000085700000, 0x0000000085800000|  0%| F|  |TAMS 0x0000000085700000, 0x0000000085700000| Untracked 
|  88|0x0000000085800000, 0x0000000085800000, 0x0000000085900000|  0%| F|  |TAMS 0x0000000085800000, 0x0000000085800000| Untracked 
|  89|0x0000000085900000, 0x0000000085900000, 0x0000000085a00000|  0%| F|  |TAMS 0x0000000085900000, 0x0000000085900000| Untracked 
|  90|0x0000000085a00000, 0x0000000085a00000, 0x0000000085b00000|  0%| F|  |TAMS 0x0000000085a00000, 0x0000000085a00000| Untracked 
|  91|0x0000000085b00000, 0x0000000085b00000, 0x0000000085c00000|  0%| F|  |TAMS 0x0000000085b00000, 0x0000000085b00000| Untracked 
|  92|0x0000000085c00000, 0x0000000085c00000, 0x0000000085d00000|  0%| F|  |TAMS 0x0000000085c00000, 0x0000000085c00000| Untracked 
|  93|0x0000000085d00000, 0x0000000085d00000, 0x0000000085e00000|  0%| F|  |TAMS 0x0000000085d00000, 0x0000000085d00000| Untracked 
|  94|0x0000000085e00000, 0x0000000085e00000, 0x0000000085f00000|  0%| F|  |TAMS 0x0000000085e00000, 0x0000000085e00000| Untracked 
|  95|0x0000000085f00000, 0x0000000085f00000, 0x0000000086000000|  0%| F|  |TAMS 0x0000000085f00000, 0x0000000085f00000| Untracked 
|  96|0x0000000086000000, 0x0000000086000000, 0x0000000086100000|  0%| F|  |TAMS 0x0000000086000000, 0x0000000086000000| Untracked 
|  97|0x0000000086100000, 0x000000008613c618, 0x0000000086200000| 23%| S|CS|TAMS 0x0000000086100000, 0x0000000086100000| Complete 
|  98|0x0000000086200000, 0x0000000086300000, 0x0000000086300000|100%| S|CS|TAMS 0x0000000086200000, 0x0000000086200000| Complete 
|  99|0x0000000086300000, 0x0000000086300000, 0x0000000086400000|  0%| F|  |TAMS 0x0000000086300000, 0x0000000086300000| Untracked 
| 100|0x0000000086400000, 0x0000000086400000, 0x0000000086500000|  0%| F|  |TAMS 0x0000000086400000, 0x0000000086400000| Untracked 
| 101|0x0000000086500000, 0x0000000086500000, 0x0000000086600000|  0%| F|  |TAMS 0x0000000086500000, 0x0000000086500000| Untracked 
| 102|0x0000000086600000, 0x00000000866b8da0, 0x0000000086700000| 72%| E|  |TAMS 0x0000000086600000, 0x0000000086600000| Complete 
| 103|0x0000000086700000, 0x0000000086800000, 0x0000000086800000|100%| E|CS|TAMS 0x0000000086700000, 0x0000000086700000| Complete 
| 104|0x0000000086800000, 0x0000000086900000, 0x0000000086900000|100%| E|CS|TAMS 0x0000000086800000, 0x0000000086800000| Complete 
| 105|0x0000000086900000, 0x0000000086a00000, 0x0000000086a00000|100%| E|CS|TAMS 0x0000000086900000, 0x0000000086900000| Complete 
| 106|0x0000000086a00000, 0x0000000086b00000, 0x0000000086b00000|100%| E|CS|TAMS 0x0000000086a00000, 0x0000000086a00000| Complete 
| 107|0x0000000086b00000, 0x0000000086c00000, 0x0000000086c00000|100%| E|CS|TAMS 0x0000000086b00000, 0x0000000086b00000| Complete 
| 108|0x0000000086c00000, 0x0000000086d00000, 0x0000000086d00000|100%| E|CS|TAMS 0x0000000086c00000, 0x0000000086c00000| Complete 
| 109|0x0000000086d00000, 0x0000000086e00000, 0x0000000086e00000|100%| E|CS|TAMS 0x0000000086d00000, 0x0000000086d00000| Complete 
| 110|0x0000000086e00000, 0x0000000086f00000, 0x0000000086f00000|100%| E|CS|TAMS 0x0000000086e00000, 0x0000000086e00000| Complete 
| 111|0x0000000086f00000, 0x0000000087000000, 0x0000000087000000|100%| E|CS|TAMS 0x0000000086f00000, 0x0000000086f00000| Complete 
| 112|0x0000000087000000, 0x0000000087100000, 0x0000000087100000|100%| E|CS|TAMS 0x0000000087000000, 0x0000000087000000| Complete 
| 113|0x0000000087100000, 0x0000000087200000, 0x0000000087200000|100%| E|CS|TAMS 0x0000000087100000, 0x0000000087100000| Complete 
| 114|0x0000000087200000, 0x0000000087300000, 0x0000000087300000|100%| E|CS|TAMS 0x0000000087200000, 0x0000000087200000| Complete 
| 115|0x0000000087300000, 0x0000000087400000, 0x0000000087400000|100%| E|CS|TAMS 0x0000000087300000, 0x0000000087300000| Complete 
| 116|0x0000000087400000, 0x0000000087500000, 0x0000000087500000|100%| E|CS|TAMS 0x0000000087400000, 0x0000000087400000| Complete 
| 117|0x0000000087500000, 0x0000000087600000, 0x0000000087600000|100%| E|CS|TAMS 0x0000000087500000, 0x0000000087500000| Complete 
| 118|0x0000000087600000, 0x0000000087700000, 0x0000000087700000|100%| E|CS|TAMS 0x0000000087600000, 0x0000000087600000| Complete 
| 119|0x0000000087700000, 0x0000000087800000, 0x0000000087800000|100%| E|CS|TAMS 0x0000000087700000, 0x0000000087700000| Complete 
| 120|0x0000000087800000, 0x0000000087900000, 0x0000000087900000|100%| E|CS|TAMS 0x0000000087800000, 0x0000000087800000| Complete 
| 121|0x0000000087900000, 0x0000000087a00000, 0x0000000087a00000|100%| E|CS|TAMS 0x0000000087900000, 0x0000000087900000| Complete 
| 122|0x0000000087a00000, 0x0000000087b00000, 0x0000000087b00000|100%| E|CS|TAMS 0x0000000087a00000, 0x0000000087a00000| Complete 

Card table byte_map: [0x0000028696920000,0x0000028696d20000] _byte_map_base: 0x0000028696520000

Marking Bits (Prev, Next): (CMBitMap*) 0x000002868413d828, (CMBitMap*) 0x000002868413d860
 Prev Bits: [0x0000028697120000, 0x0000028699120000)
 Next Bits: [0x0000028699120000, 0x000002869b120000)

Polling page: 0x0000028681f60000

Metaspace:

Usage:
  Non-class:     71.29 MB capacity,    69.95 MB ( 98%) used,     1.15 MB (  2%) free+waste,   188.06 KB ( <1%) overhead. 
      Class:     11.01 MB capacity,    10.38 MB ( 94%) used,   562.55 KB (  5%) free+waste,    85.19 KB ( <1%) overhead. 
       Both:     82.30 MB capacity,    80.33 MB ( 98%) used,     1.70 MB (  2%) free+waste,   273.25 KB ( <1%) overhead. 

Virtual space:
  Non-class space:       72.00 MB reserved,      71.42 MB (>99%) committed 
      Class space:        1.00 GB reserved,      11.13 MB (  1%) committed 
             Both:        1.07 GB reserved,      82.55 MB (  8%) committed 

Chunk freelists:
   Non-Class:  12.00 KB
       Class:  19.00 KB
        Both:  31.00 KB

MaxMetaspaceSize: 17179869184.00 GB
CompressedClassSpaceSize: 1.00 GB

CodeHeap 'non-profiled nmethods': size=120064Kb used=4953Kb max_used=4953Kb free=115110Kb
 bounds [0x000002868f3e0000, 0x000002868f8c0000, 0x0000028696920000]
CodeHeap 'profiled nmethods': size=120000Kb used=18366Kb max_used=18366Kb free=101633Kb
 bounds [0x0000028687eb0000, 0x00000286890b0000, 0x000002868f3e0000]
CodeHeap 'non-nmethods': size=5696Kb used=2250Kb max_used=2297Kb free=3445Kb
 bounds [0x0000028687920000, 0x0000028687b90000, 0x0000028687eb0000]
 total_blobs=9208 nmethods=8353 adapters=767
 compilation: enabled
              stopped_count=0, restarted_count=0
 full_count=0

Compilation events (20 events):
Event: 102.774 Thread 0x000002869d4e8000 8692       1       kotlin.reflect.jvm.internal.impl.metadata.ProtoBuf$Type::getClassName (5 bytes)
Event: 102.774 Thread 0x000002869d4e8000 nmethod 8692 0x000002868f8b5290 code [0x000002868f8b5440, 0x000002868f8b54f8]
Event: 102.775 Thread 0x000002869d4e8000 8693       3       kotlin.reflect.jvm.internal.impl.metadata.ProtoBuf$Property::hasReceiverType (18 bytes)
Event: 102.775 Thread 0x000002869d4e8000 nmethod 8693 0x000002868909fe90 code [0x00000286890a0040, 0x00000286890a0198]
Event: 102.775 Thread 0x000002869d4e8000 8694       1       kotlin.collections.EmptyList::isEmpty (2 bytes)
Event: 102.775 Thread 0x000002869d4e8000 nmethod 8694 0x000002868f8b5590 code [0x000002868f8b5740, 0x000002868f8b57f8]
Event: 102.775 Thread 0x000002869d4e8000 8695       1       kotlin.reflect.jvm.internal.impl.name.Name::toString (5 bytes)
Event: 102.776 Thread 0x000002869d4e8000 nmethod 8695 0x000002868f8b5890 code [0x000002868f8b5a40, 0x000002868f8b5af8]
Event: 102.776 Thread 0x000002869d4e8000 8696       1       kotlin.reflect.jvm.internal.impl.metadata.ProtoBuf$Class::getFlags (5 bytes)
Event: 102.776 Thread 0x000002869d4e8000 nmethod 8696 0x000002868f8b5b90 code [0x000002868f8b5d40, 0x000002868f8b5df8]
Event: 102.776 Thread 0x000002869d4e8000 8697       1       kotlin.reflect.jvm.internal.impl.serialization.deserialization.DeserializationContext::getTypeDeserializer (5 bytes)
Event: 102.776 Thread 0x000002869d4e8000 nmethod 8697 0x000002868f8b5e90 code [0x000002868f8b6040, 0x000002868f8b60f8]
Event: 102.777 Thread 0x000002869d4e8000 8698       1       kotlin.reflect.jvm.internal.impl.serialization.deserialization.DeserializationComponents::getLookupTracker (5 bytes)
Event: 102.777 Thread 0x000002869d4e8000 nmethod 8698 0x000002868f8b6190 code [0x000002868f8b6340, 0x000002868f8b63f8]
Event: 102.777 Thread 0x000002869d4e8000 8699       3       kotlin.collections.CollectionsKt___CollectionsKt::toList (103 bytes)
Event: 102.778 Thread 0x000002869d4e8000 nmethod 8699 0x00000286890a0210 code [0x00000286890a0500, 0x00000286890a15f8]
Event: 102.779 Thread 0x000002869d4e8000 8700       1       kotlin.reflect.jvm.internal.impl.load.java.lazy.LazyJavaResolverContext::getComponents (5 bytes)
Event: 102.780 Thread 0x000002869d4e8000 nmethod 8700 0x000002868f8b6490 code [0x000002868f8b6640, 0x000002868f8b66f8]
Event: 102.781 Thread 0x000002869d4e8000 8701       3       kotlin.reflect.jvm.internal.impl.protobuf.SmallSortedMap::get (43 bytes)
Event: 102.781 Thread 0x000002869d4e8000 nmethod 8701 0x00000286890a1a10 code [0x00000286890a1c00, 0x00000286890a2128]

GC Heap History (20 events):
Event: 80.772 GC heap before
{Heap before GC invocations=73 (full 0):
 garbage-first heap   total 125952K, used 92415K [0x0000000080000000, 0x0000000100000000)
  region size 1024K, 26 young (26624K), 3 survivors (3072K)
 Metaspace       used 63095K, capacity 64760K, committed 65072K, reserved 1105920K
  class space    used 7970K, capacity 8501K, committed 8576K, reserved 1048576K
}
Event: 80.794 GC heap after
{Heap after GC invocations=74 (full 0):
 garbage-first heap   total 125952K, used 71181K [0x0000000080000000, 0x0000000100000000)
  region size 1024K, 4 young (4096K), 4 survivors (4096K)
 Metaspace       used 63095K, capacity 64760K, committed 65072K, reserved 1105920K
  class space    used 7970K, capacity 8501K, committed 8576K, reserved 1048576K
}
Event: 85.241 GC heap before
{Heap before GC invocations=74 (full 0):
 garbage-first heap   total 125952K, used 94733K [0x0000000080000000, 0x0000000100000000)
  region size 1024K, 27 young (27648K), 4 survivors (4096K)
 Metaspace       used 65965K, capacity 67689K, committed 67888K, reserved 1107968K
  class space    used 8434K, capacity 8981K, committed 9088K, reserved 1048576K
}
Event: 85.262 GC heap after
{Heap after GC invocations=75 (full 0):
 garbage-first heap   total 125952K, used 72709K [0x0000000080000000, 0x0000000100000000)
  region size 1024K, 4 young (4096K), 4 survivors (4096K)
 Metaspace       used 65965K, capacity 67689K, committed 67888K, reserved 1107968K
  class space    used 8434K, capacity 8981K, committed 9088K, reserved 1048576K
}
Event: 88.321 GC heap before
{Heap before GC invocations=76 (full 0):
 garbage-first heap   total 125952K, used 96261K [0x0000000080000000, 0x0000000100000000)
  region size 1024K, 27 young (27648K), 4 survivors (4096K)
 Metaspace       used 68182K, capacity 70064K, committed 70192K, reserved 1110016K
  class space    used 8767K, capacity 9329K, committed 9344K, reserved 1048576K
}
Event: 88.341 GC heap after
{Heap after GC invocations=77 (full 0):
 garbage-first heap   total 125952K, used 74724K [0x0000000080000000, 0x0000000100000000)
  region size 1024K, 4 young (4096K), 4 survivors (4096K)
 Metaspace       used 68182K, capacity 70064K, committed 70192K, reserved 1110016K
  class space    used 8767K, capacity 9329K, committed 9344K, reserved 1048576K
}
Event: 89.927 GC heap before
{Heap before GC invocations=77 (full 0):
 garbage-first heap   total 125952K, used 98276K [0x0000000080000000, 0x0000000100000000)
  region size 1024K, 27 young (27648K), 4 survivors (4096K)
 Metaspace       used 69921K, capacity 71747K, committed 71984K, reserved 1112064K
  class space    used 8990K, capacity 9563K, committed 9600K, reserved 1048576K
}
Event: 89.943 GC heap after
{Heap after GC invocations=78 (full 0):
 garbage-first heap   total 125952K, used 76111K [0x0000000080000000, 0x0000000100000000)
  region size 1024K, 4 young (4096K), 4 survivors (4096K)
 Metaspace       used 69921K, capacity 71747K, committed 71984K, reserved 1112064K
  class space    used 8990K, capacity 9563K, committed 9600K, reserved 1048576K
}
Event: 91.350 GC heap before
{Heap before GC invocations=79 (full 0):
 garbage-first heap   total 125952K, used 99663K [0x0000000080000000, 0x0000000100000000)
  region size 1024K, 28 young (28672K), 4 survivors (4096K)
 Metaspace       used 71340K, capacity 73159K, committed 73264K, reserved 1112064K
  class space    used 9193K, capacity 9764K, committed 9856K, reserved 1048576K
}
Event: 91.366 GC heap after
{Heap after GC invocations=80 (full 0):
 garbage-first heap   total 125952K, used 77467K [0x0000000080000000, 0x0000000100000000)
  region size 1024K, 3 young (3072K), 3 survivors (3072K)
 Metaspace       used 71340K, capacity 73159K, committed 73264K, reserved 1112064K
  class space    used 9193K, capacity 9764K, committed 9856K, reserved 1048576K
}
Event: 92.731 GC heap before
{Heap before GC invocations=80 (full 0):
 garbage-first heap   total 125952K, used 102043K [0x0000000080000000, 0x0000000100000000)
  region size 1024K, 27 young (27648K), 3 survivors (3072K)
 Metaspace       used 72909K, capacity 74808K, committed 75056K, reserved 1114112K
  class space    used 9432K, capacity 10027K, committed 10112K, reserved 1048576K
}
Event: 92.745 GC heap after
{Heap after GC invocations=81 (full 0):
 garbage-first heap   total 125952K, used 79444K [0x0000000080000000, 0x0000000100000000)
  region size 1024K, 4 young (4096K), 4 survivors (4096K)
 Metaspace       used 72909K, capacity 74808K, committed 75056K, reserved 1114112K
  class space    used 9432K, capacity 10027K, committed 10112K, reserved 1048576K
}
Event: 96.671 GC heap before
{Heap before GC invocations=82 (full 0):
 garbage-first heap   total 125952K, used 102996K [0x0000000080000000, 0x0000000100000000)
  region size 1024K, 27 young (27648K), 4 survivors (4096K)
 Metaspace       used 74906K, capacity 76788K, committed 76976K, reserved 1116160K
  class space    used 9623K, capacity 10204K, committed 10240K, reserved 1048576K
}
Event: 96.691 GC heap after
{Heap after GC invocations=83 (full 0):
 garbage-first heap   total 125952K, used 81551K [0x0000000080000000, 0x0000000100000000)
  region size 1024K, 4 young (4096K), 4 survivors (4096K)
 Metaspace       used 74906K, capacity 76788K, committed 76976K, reserved 1116160K
  class space    used 9623K, capacity 10204K, committed 10240K, reserved 1048576K
}
Event: 99.133 GC heap before
{Heap before GC invocations=83 (full 0):
 garbage-first heap   total 125952K, used 104079K [0x0000000080000000, 0x0000000100000000)
  region size 1024K, 27 young (27648K), 4 survivors (4096K)
 Metaspace       used 75982K, capacity 77936K, committed 78256K, reserved 1118208K
  class space    used 9772K, capacity 10391K, committed 10496K, reserved 1048576K
}
Event: 99.149 GC heap after
{Heap after GC invocations=84 (full 0):
 garbage-first heap   total 125952K, used 83231K [0x0000000080000000, 0x0000000100000000)
  region size 1024K, 4 young (4096K), 4 survivors (4096K)
 Metaspace       used 75982K, capacity 77936K, committed 78256K, reserved 1118208K
  class space    used 9772K, capacity 10391K, committed 10496K, reserved 1048576K
}
Event: 100.282 GC heap before
{Heap before GC invocations=85 (full 0):
 garbage-first heap   total 125952K, used 105759K [0x0000000080000000, 0x0000000100000000)
  region size 1024K, 26 young (26624K), 4 survivors (4096K)
 Metaspace       used 78053K, capacity 80057K, committed 80304K, reserved 1118208K
  class space    used 10095K, capacity 10728K, committed 10752K, reserved 1048576K
}
Event: 100.299 GC heap after
{Heap after GC invocations=86 (full 0):
 garbage-first heap   total 125952K, used 83954K [0x0000000080000000, 0x0000000100000000)
  region size 1024K, 3 young (3072K), 3 survivors (3072K)
 Metaspace       used 78053K, capacity 80057K, committed 80304K, reserved 1118208K
  class space    used 10095K, capacity 10728K, committed 10752K, reserved 1048576K
}
Event: 101.542 GC heap before
{Heap before GC invocations=86 (full 0):
 garbage-first heap   total 125952K, used 106482K [0x0000000080000000, 0x0000000100000000)
  region size 1024K, 25 young (25600K), 3 survivors (3072K)
 Metaspace       used 80238K, capacity 82225K, committed 82480K, reserved 1120256K
  class space    used 10384K, capacity 11021K, committed 11136K, reserved 1048576K
}
Event: 101.552 GC heap after
{Heap after GC invocations=87 (full 0):
 garbage-first heap   total 125952K, used 84396K [0x0000000080000000, 0x0000000100000000)
  region size 1024K, 2 young (2048K), 2 survivors (2048K)
 Metaspace       used 80238K, capacity 82225K, committed 82480K, reserved 1120256K
  class space    used 10384K, capacity 11021K, committed 11136K, reserved 1048576K
}

Deoptimization events (20 events):
Event: 100.450 Thread 0x000002869ece3800 Uncommon trap: trap_request=0xffffff4d fr.pc=0x000002868f702844 relative=0x00000000000000a4
Event: 100.450 Thread 0x000002869ece3800 Uncommon trap: reason=unstable_if action=reinterpret pc=0x000002868f702844 method=java.lang.CharacterDataLatin1.digit(II)I @ 12 c2
Event: 100.450 Thread 0x000002869ece3800 DEOPT PACKING pc=0x000002868f702844 sp=0x000000b3f8cf6df0
Event: 100.450 Thread 0x000002869ece3800 DEOPT UNPACKING pc=0x00000286879468a9 sp=0x000000b3f8cf6d68 mode 2
Event: 100.594 Thread 0x000002869ece3800 Uncommon trap: trap_request=0xffffff4d fr.pc=0x000002868f6ad588 relative=0x00000000000002e8
Event: 100.594 Thread 0x000002869ece3800 Uncommon trap: reason=unstable_if action=reinterpret pc=0x000002868f6ad588 method=com.google.gson.stream.JsonReader.doPeek()I @ 525 c2
Event: 100.594 Thread 0x000002869ece3800 DEOPT PACKING pc=0x000002868f6ad588 sp=0x000000b3f8cf7460
Event: 100.594 Thread 0x000002869ece3800 DEOPT UNPACKING pc=0x00000286879468a9 sp=0x000000b3f8cf73e0 mode 2
Event: 102.250 Thread 0x000002869ece3800 Uncommon trap: trap_request=0xffffff4d fr.pc=0x000002868f85cfec relative=0x000000000000148c
Event: 102.250 Thread 0x000002869ece3800 Uncommon trap: reason=unstable_if action=reinterpret pc=0x000002868f85cfec method=java.util.concurrent.ConcurrentHashMap.putVal(Ljava/lang/Object;Ljava/lang/Object;Z)Ljava/lang/Object; @ 245 c2
Event: 102.250 Thread 0x000002869ece3800 DEOPT PACKING pc=0x000002868f85cfec sp=0x000000b3f8cf6600
Event: 102.250 Thread 0x000002869ece3800 DEOPT UNPACKING pc=0x00000286879468a9 sp=0x000000b3f8cf6598 mode 2
Event: 102.320 Thread 0x000002869ece3800 Uncommon trap: trap_request=0xffffff4d fr.pc=0x000002868f8ad324 relative=0x00000000000001e4
Event: 102.320 Thread 0x000002869ece3800 Uncommon trap: reason=unstable_if action=reinterpret pc=0x000002868f8ad324 method=kotlin.reflect.jvm.internal.impl.protobuf.CodedInputStream.readRawVarint32()I @ 10 c2
Event: 102.320 Thread 0x000002869ece3800 DEOPT PACKING pc=0x000002868f8ad324 sp=0x000000b3f8cf6580
Event: 102.320 Thread 0x000002869ece3800 DEOPT UNPACKING pc=0x00000286879468a9 sp=0x000000b3f8cf6500 mode 2
Event: 102.356 Thread 0x000002869ece3800 Uncommon trap: trap_request=0xffffff4d fr.pc=0x000002868f6fa0b8 relative=0x00000000000005f8
Event: 102.356 Thread 0x000002869ece3800 Uncommon trap: reason=unstable_if action=reinterpret pc=0x000002868f6fa0b8 method=java.lang.String.indexOf([BBILjava/lang/String;I)I @ 54 c2
Event: 102.356 Thread 0x000002869ece3800 DEOPT PACKING pc=0x000002868f6fa0b8 sp=0x000000b3f8cf7250
Event: 102.356 Thread 0x000002869ece3800 DEOPT UNPACKING pc=0x00000286879468a9 sp=0x000000b3f8cf71b8 mode 2

Classes redefined (0 events):
No events

Internal exceptions (20 events):
Event: 90.323 Thread 0x000002869ece3800 Exception <a 'java/lang/ClassNotFoundException'{0x0000000087580310}: org/gradle/internal/extensibility/ExtensionsStorage$ExtensionHolderBeanInfo> (0x0000000087580310) thrown at [./src/hotspot/share/classfile/systemDictionary.cpp, line 231]
Event: 90.323 Thread 0x000002869ece3800 Exception <a 'java/lang/ClassNotFoundException'{0x0000000087591718}: org/gradle/internal/extensibility/ExtensionsStorage$ExtensionHolderCustomizer> (0x0000000087591718) thrown at [./src/hotspot/share/classfile/systemDictionary.cpp, line 231]
Event: 90.345 Thread 0x000002869ece3800 Exception <a 'java/lang/ClassNotFoundException'{0x0000000087462fe0}: org/codehaus/groovy/runtime/NullObjectBeanInfo> (0x0000000087462fe0) thrown at [./src/hotspot/share/classfile/systemDictionary.cpp, line 231]
Event: 90.346 Thread 0x000002869ece3800 Exception <a 'java/lang/ClassNotFoundException'{0x00000000874711f0}: org/codehaus/groovy/runtime/NullObjectCustomizer> (0x00000000874711f0) thrown at [./src/hotspot/share/classfile/systemDictionary.cpp, line 231]
Event: 90.354 Thread 0x000002869ece3800 Exception <a 'java/lang/ClassNotFoundException'{0x000000008727ff18}: org/gradle/api/internal/tasks/DefaultSourceSetContainer_DecoratedBeanInfo> (0x000000008727ff18) thrown at [./src/hotspot/share/classfile/systemDictionary.cpp, line 231]
Event: 90.355 Thread 0x000002869ece3800 Exception <a 'java/lang/ClassNotFoundException'{0x0000000087299838}: org/gradle/api/internal/tasks/DefaultSourceSetContainerBeanInfo> (0x0000000087299838) thrown at [./src/hotspot/share/classfile/systemDictionary.cpp, line 231]
Event: 90.355 Thread 0x000002869ece3800 Exception <a 'java/lang/ClassNotFoundException'{0x00000000872b31b0}: org/gradle/api/internal/tasks/DefaultSourceSetContainerCustomizer> (0x00000000872b31b0) thrown at [./src/hotspot/share/classfile/systemDictionary.cpp, line 231]
Event: 90.357 Thread 0x000002869ece3800 Exception <a 'java/lang/ClassNotFoundException'{0x00000000872dadc8}: org/gradle/api/internal/tasks/DefaultSourceSetContainer_DecoratedCustomizer> (0x00000000872dadc8) thrown at [./src/hotspot/share/classfile/systemDictionary.cpp, line 231]
Event: 90.802 Thread 0x000002869ece3800 Exception <a 'java/lang/NoSuchMethodError'{0x0000000086b23450}: 'void java.lang.invoke.DirectMethodHandle$Holder.invokeStatic(java.lang.Object, int, java.lang.Object)'> (0x0000000086b23450) thrown at [./src/hotspot/share/interpreter/linkResolver.cpp, line 773]
Event: 91.343 Thread 0x000002869ece3800 Exception <a 'java/lang/NoSuchMethodError'{0x00000000863c94f8}: 'java.lang.Object java.lang.invoke.DirectMethodHandle$Holder.invokeStatic(java.lang.Object, int, int, java.lang.Object)'> (0x00000000863c94f8) thrown at [./src/hotspot/share/interpreter/linkResolver.cpp, line 773]
Event: 92.987 Thread 0x000002869ece3800 Exception <a 'java/lang/NoSuchMethodError'{0x0000000087af14c8}: 'int java.lang.invoke.DirectMethodHandle$Holder.invokeStatic(java.lang.Object, int, int, java.lang.Object)'> (0x0000000087af14c8) thrown at [./src/hotspot/share/interpreter/linkResolver.cpp, line 773]
Event: 93.729 Thread 0x000002869ece3800 Implicit null exception at 0x000002868f7f36b0 to 0x000002868f7fc260
Event: 96.868 Thread 0x000002869ece3800 Exception <a 'java/lang/NoSuchMethodError'{0x0000000087779128}: 'java.lang.Object java.lang.invoke.DirectMethodHandle$Holder.invokeSpecialIFC(java.lang.Object, java.lang.Object, java.lang.Object)'> (0x0000000087779128) thrown at [./src/hotspot/share/interpreter/linkResolver.cpp, line 773]
Event: 97.355 Thread 0x00000286a087b800 Exception <a 'java/lang/NoSuchMethodError'{0x0000000087438590}: 'java.lang.Object java.lang.invoke.DirectMethodHandle$Holder.invokeSpecial(java.lang.Object, java.lang.Object, java.lang.Object, java.lang.Object, java.lang.Object, java.lang.Object, java.lang.Object, java.lang.Object, java.lang.Object, java.lang.Object, java.lang.Object, java.lang.Object, java.lang.Object)'> (0x0000000087438590) thrown at [./src/hotspot/share/interpreter/linkResolver.cpp, line 773]
Event: 97.357 Thread 0x00000286a087b800 Exception <a 'java/lang/NoSuchMethodError'{0x00000000874668a0}: 'java.lang.Object java.lang.invoke.DirectMethodHandle$Holder.invokeSpecial(java.lang.Object, java.lang.Object, java.lang.Object, java.lang.Object, java.lang.Object, java.lang.Object, java.lang.Object, java.lang.Object, java.lang.Object, java.lang.Object, java.lang.Object, java.lang.Object)'> (0x00000000874668a0) thrown at [./src/hotspot/share/interpreter/linkResolver.cpp, line 773]
Event: 97.358 Thread 0x00000286a087b800 Exception <a 'java/lang/NoSuchMethodError'{0x000000008746af28}: 'java.lang.Object java.lang.invoke.Invokers$Holder.linkToTargetMethod(java.lang.Object, java.lang.Object, java.lang.Object, java.lang.Object, java.lang.Object, java.lang.Object, java.lang.Object, java.lang.Object, java.lang.Object, java.lang.Object, java.lang.Object)'> (0x000000008746af28) thrown at [./src/hotspot/share/interpreter/linkResolver.cpp, line 773]
Event: 97.374 Thread 0x00000286a087c800 Exception <a 'java/lang/NoSuchMethodError'{0x00000000874d5680}: 'java.lang.Object java.lang.invoke.Invokers$Holder.linkToTargetMethod(java.lang.Object, java.lang.Object, java.lang.Object, java.lang.Object, java.lang.Object, java.lang.Object, java.lang.Object, java.lang.Object, java.lang.Object, java.lang.Object, java.lang.Object, java.lang.Object)'> (0x00000000874d5680) thrown at [./src/hotspot/share/interpreter/linkResolver.cpp, line 773]
Event: 99.813 Thread 0x000002869ece3800 Exception <a 'java/lang/NullPointerException'{0x00000000871ade48}> (0x00000000871ade48) thrown at [./src/hotspot/share/interpreter/linkResolver.cpp, line 1440]
Event: 100.196 Thread 0x000002869ece3800 Implicit null exception at 0x000002868f88e3a0 to 0x000002868f88eb04
Event: 100.382 Thread 0x000002869ece3800 Exception <a 'java/lang/NoSuchMethodError'{0x00000000877f00b8}: 'int java.lang.invoke.DirectMethodHandle$Holder.invokeStatic(java.lang.Object, java.lang.Object, int, java.lang.Object)'> (0x00000000877f00b8) thrown at [./src/hotspot/share/interpreter/linkResolver.cpp, line 773]

Events (20 events):
Event: 102.677 loading class kotlin/reflect/jvm/internal/impl/descriptors/impl/ValueParameterDescriptorImpl$Companion
Event: 102.677 loading class kotlin/reflect/jvm/internal/impl/descriptors/impl/ValueParameterDescriptorImpl$Companion done
Event: 102.677 loading class kotlin/reflect/jvm/internal/impl/descriptors/impl/FieldDescriptorImpl
Event: 102.677 loading class kotlin/reflect/jvm/internal/impl/descriptors/impl/FieldDescriptorImpl done
Event: 102.678 loading class kotlin/reflect/jvm/internal/impl/serialization/deserialization/MemberDeserializer$getPropertyFieldAnnotations$1
Event: 102.678 loading class kotlin/reflect/jvm/internal/impl/serialization/deserialization/MemberDeserializer$getPropertyFieldAnnotations$1 done
Event: 102.678 loading class kotlin/reflect/jvm/internal/impl/serialization/deserialization/descriptors/DeserializedClassDescriptor$DeserializedClassMemberScope$generateFakeOverrides$1
Event: 102.678 loading class kotlin/reflect/jvm/internal/impl/serialization/deserialization/descriptors/DeserializedClassDescriptor$DeserializedClassMemberScope$generateFakeOverrides$1 done
Event: 102.679 loading class kotlin/reflect/jvm/internal/impl/resolve/NonReportingOverrideStrategy
Event: 102.679 loading class kotlin/reflect/jvm/internal/impl/resolve/NonReportingOverrideStrategy done
Event: 102.679 loading class kotlin/reflect/jvm/internal/impl/resolve/OverridingStrategy
Event: 102.679 loading class kotlin/reflect/jvm/internal/impl/resolve/OverridingStrategy done
Event: 102.680 loading class kotlin/reflect/jvm/internal/impl/utils/SmartSet
Event: 102.680 loading class kotlin/reflect/jvm/internal/impl/utils/SmartSet done
Event: 102.680 loading class kotlin/reflect/jvm/internal/impl/utils/SmartSet$Companion
Event: 102.680 loading class kotlin/reflect/jvm/internal/impl/utils/SmartSet$Companion done
Event: 102.681 loading class kotlin/Boolean
Event: 102.681 loading class kotlin/Boolean done
Event: 102.682 loading class kotlin/Boolean
Event: 102.682 loading class kotlin/Boolean done


Dynamic libraries:
0x00007ff727780000 - 0x00007ff72778a000 	D:\IDEA\IntelliJ IDEA Community Edition 2020.2.3\jbr\bin\java.exe
0x00007ffb8c3c0000 - 0x00007ffb8c5b0000 	C:\Windows\SYSTEM32\ntdll.dll
0x00007ffb8a470000 - 0x00007ffb8a522000 	C:\Windows\System32\KERNEL32.DLL
0x00007ffb8a1c0000 - 0x00007ffb8a465000 	C:\Windows\System32\KERNELBASE.dll
0x00007ffb896a0000 - 0x00007ffb8979a000 	C:\Windows\System32\ucrtbase.dll
0x00007ffb63b40000 - 0x00007ffb63b57000 	D:\IDEA\IntelliJ IDEA Community Edition 2020.2.3\jbr\bin\VCRUNTIME140.dll
0x00007ffb629a0000 - 0x00007ffb629b9000 	D:\IDEA\IntelliJ IDEA Community Edition 2020.2.3\jbr\bin\jli.dll
0x00007ffb8b160000 - 0x00007ffb8b2f4000 	C:\Windows\System32\USER32.dll
0x00007ffb897a0000 - 0x00007ffb897c1000 	C:\Windows\System32\win32u.dll
0x00007ffb8baa0000 - 0x00007ffb8bac6000 	C:\Windows\System32\GDI32.dll
0x00007ffb79370000 - 0x00007ffb795f4000 	C:\Windows\WinSxS\amd64_microsoft.windows.common-controls_6595b64144ccf1df_6.0.18362.1139_none_9e7bf2d3e4605ac6\COMCTL32.dll
0x00007ffb89500000 - 0x00007ffb89696000 	C:\Windows\System32\gdi32full.dll
0x00007ffb8ae80000 - 0x00007ffb8af1e000 	C:\Windows\System32\msvcrt.dll
0x00007ffb8a120000 - 0x00007ffb8a1be000 	C:\Windows\System32\msvcp_win.dll
0x00007ffb8bde0000 - 0x00007ffb8c115000 	C:\Windows\System32\combase.dll
0x00007ffb8a530000 - 0x00007ffb8a650000 	C:\Windows\System32\RPCRT4.dll
0x00007ffb89350000 - 0x00007ffb893d0000 	C:\Windows\System32\bcryptPrimitives.dll
0x00007ffb8c120000 - 0x00007ffb8c14e000 	C:\Windows\System32\IMM32.DLL
0x00007ffb53260000 - 0x00007ffb532fd000 	D:\IDEA\IntelliJ IDEA Community Edition 2020.2.3\jbr\bin\msvcp140.dll
0x00007ffb48de0000 - 0x00007ffb4989d000 	D:\IDEA\IntelliJ IDEA Community Edition 2020.2.3\jbr\bin\server\jvm.dll
0x00007ffb8bad0000 - 0x00007ffb8bb73000 	C:\Windows\System32\ADVAPI32.dll
0x00007ffb8bd40000 - 0x00007ffb8bdd7000 	C:\Windows\System32\sechost.dll
0x00007ffb8b300000 - 0x00007ffb8b308000 	C:\Windows\System32\PSAPI.DLL
0x00007ffb69660000 - 0x00007ffb69669000 	C:\Windows\SYSTEM32\WSOCK32.dll
0x00007ffb8bc50000 - 0x00007ffb8bcbf000 	C:\Windows\System32\WS2_32.dll
0x00007ffb868e0000 - 0x00007ffb86904000 	C:\Windows\SYSTEM32\WINMM.dll
0x00007ffb82730000 - 0x00007ffb8273a000 	C:\Windows\SYSTEM32\VERSION.dll
0x00007ffb86820000 - 0x00007ffb8684d000 	C:\Windows\SYSTEM32\WINMMBASE.dll
0x00007ffb8a0d0000 - 0x00007ffb8a11a000 	C:\Windows\System32\cfgmgr32.dll
0x00007ffb892e0000 - 0x00007ffb892f1000 	C:\Windows\System32\kernel.appcore.dll
0x00007ffb7b330000 - 0x00007ffb7b341000 	D:\IDEA\IntelliJ IDEA Community Edition 2020.2.3\jbr\bin\verify.dll
0x00007ffb87fa0000 - 0x00007ffb88194000 	C:\Windows\SYSTEM32\DBGHELP.DLL
0x00007ffb75640000 - 0x00007ffb7566a000 	C:\Windows\SYSTEM32\dbgcore.DLL
0x00007ffb66a30000 - 0x00007ffb66a59000 	D:\IDEA\IntelliJ IDEA Community Edition 2020.2.3\jbr\bin\java.dll
0x00007ffb82c60000 - 0x00007ffb82c6b000 	D:\IDEA\IntelliJ IDEA Community Edition 2020.2.3\jbr\bin\jimage.dll
0x00007ffb79880000 - 0x00007ffb79898000 	D:\IDEA\IntelliJ IDEA Community Edition 2020.2.3\jbr\bin\zip.dll
0x00007ffb8a730000 - 0x00007ffb8ae17000 	C:\Windows\System32\SHELL32.dll
0x00007ffb8b9f0000 - 0x00007ffb8ba99000 	C:\Windows\System32\shcore.dll
0x00007ffb897d0000 - 0x00007ffb89f50000 	C:\Windows\System32\windows.storage.dll
0x00007ffb89320000 - 0x00007ffb89343000 	C:\Windows\System32\profapi.dll
0x00007ffb89290000 - 0x00007ffb892da000 	C:\Windows\System32\powrprof.dll
0x00007ffb89280000 - 0x00007ffb89290000 	C:\Windows\System32\UMPDC.dll
0x00007ffb8ae20000 - 0x00007ffb8ae72000 	C:\Windows\System32\shlwapi.dll
0x00007ffb894e0000 - 0x00007ffb894f7000 	C:\Windows\System32\cryptsp.dll
0x00007ffb682c0000 - 0x00007ffb682da000 	D:\IDEA\IntelliJ IDEA Community Edition 2020.2.3\jbr\bin\net.dll
0x00007ffb7a190000 - 0x00007ffb7a280000 	C:\Windows\SYSTEM32\WINHTTP.dll
0x00007ffb88a70000 - 0x00007ffb88ad7000 	C:\Windows\system32\mswsock.dll
0x00007ffb67b20000 - 0x00007ffb67b34000 	D:\IDEA\IntelliJ IDEA Community Edition 2020.2.3\jbr\bin\nio.dll
0x00007ffb63e50000 - 0x00007ffb63e76000 	C:\Users\Test\.gradle\native\31\windows-amd64\native-platform.dll
0x00007ffb78770000 - 0x00007ffb7877a000 	D:\IDEA\IntelliJ IDEA Community Edition 2020.2.3\jbr\bin\management.dll
0x00007ffb771c0000 - 0x00007ffb771cc000 	D:\IDEA\IntelliJ IDEA Community Edition 2020.2.3\jbr\bin\management_ext.dll
0x00007ffb885e0000 - 0x00007ffb88613000 	C:\Windows\system32\rsaenh.dll
0x00007ffb8a0a0000 - 0x00007ffb8a0c6000 	C:\Windows\System32\bcrypt.dll
0x00007ffb89160000 - 0x00007ffb89185000 	C:\Windows\SYSTEM32\USERENV.dll
0x00007ffb88c40000 - 0x00007ffb88c4c000 	C:\Windows\SYSTEM32\CRYPTBASE.dll
0x00007ffb88780000 - 0x00007ffb887ba000 	C:\Windows\SYSTEM32\IPHLPAPI.DLL
0x00007ffb8bd30000 - 0x00007ffb8bd38000 	C:\Windows\System32\NSI.dll
0x00007ffb87b80000 - 0x00007ffb87b96000 	C:\Windows\SYSTEM32\dhcpcsvc6.DLL
0x00007ffb87b60000 - 0x00007ffb87b7c000 	C:\Windows\SYSTEM32\dhcpcsvc.DLL
0x00007ffb887c0000 - 0x00007ffb8888b000 	C:\Windows\SYSTEM32\DNSAPI.dll

dbghelp: loaded successfully - version: 4.0.5 - missing functions: none
symbol engine: initialized successfully - sym options: 0x614 - pdb path: .;D:\IDEA\IntelliJ IDEA Community Edition 2020.2.3\jbr\bin;C:\Windows\SYSTEM32;C:\Windows\WinSxS\amd64_microsoft.windows.common-controls_6595b64144ccf1df_6.0.18362.1139_none_9e7bf2d3e4605ac6;D:\IDEA\IntelliJ IDEA Community Edition 2020.2.3\jbr\bin\server;C:\Users\Test\.gradle\native\31\windows-amd64

VM Arguments:
jvm_args: --add-opens=java.base/java.util=ALL-UNNAMED --add-opens=java.base/java.lang=ALL-UNNAMED --add-opens=java.base/java.lang.invoke=ALL-UNNAMED --add-opens=java.prefs/java.util.prefs=ALL-UNNAMED -Xmx2048m -Dfile.encoding=windows-1251 -Duser.country=RU -Duser.language=ru -Duser.variant 
java_command: org.gradle.launcher.daemon.bootstrap.GradleDaemon 6.1.1
java_class_path (initial): C:\Users\Test\.gradle\wrapper\dists\gradle-6.1.1-all\cfmwm155h49vnt3hynmlrsdst\gradle-6.1.1\lib\gradle-launcher-6.1.1.jar
Launcher Type: SUN_STANDARD

[Global flags]
     intx CICompilerCount                          = 2                                         {product} {ergonomic}
     uint ConcGCThreads                            = 1                                         {product} {ergonomic}
     uint G1ConcRefinementThreads                  = 2                                         {product} {ergonomic}
   size_t G1HeapRegionSize                         = 1048576                                   {product} {ergonomic}
    uintx GCDrainStackTargetSize                   = 64                                        {product} {ergonomic}
   size_t InitialHeapSize                          = 65011712                                  {product} {ergonomic}
   size_t MarkStackSize                            = 4194304                                   {product} {ergonomic}
   size_t MaxHeapSize                              = 2147483648                                {product} {command line}
   size_t MaxNewSize                               = 1287651328                                {product} {ergonomic}
   size_t MinHeapDeltaBytes                        = 1048576                                   {product} {ergonomic}
    uintx NonNMethodCodeHeapSize                   = 5825164                                {pd product} {ergonomic}
    uintx NonProfiledCodeHeapSize                  = 122916538                              {pd product} {ergonomic}
    uintx ProfiledCodeHeapSize                     = 122916538                              {pd product} {ergonomic}
    uintx ReservedCodeCacheSize                    = 251658240                              {pd product} {ergonomic}
     bool SegmentedCodeCache                       = true                                      {product} {ergonomic}
     bool UseCompressedClassPointers               = true                                 {lp64_product} {ergonomic}
     bool UseCompressedOops                        = true                                 {lp64_product} {ergonomic}
     bool UseG1GC                                  = true                                      {product} {ergonomic}
     bool UseLargePagesIndividualAllocation        = false                                  {pd product} {ergonomic}

Logging:
Log output configuration:
 #0: stdout all=warning uptime,level,tags
 #1: stderr all=off uptime,level,tags

Environment Variables:
CLASSPATH=.
PATH=C:\Program Files\Microsoft MPI\Bin\;C:\Program Files (x86)\Intel\TXE Components\iCLS\;C:\Program Files\Intel\TXE Components\iCLS\;C:\Windows\system32;C:\Windows;C:\Windows\System32\Wbem;C:\Windows\System32\WindowsPowerShell\v1.0\;C:\Windows\System32\OpenSSH\;C:\Program Files\Intel\TXE Components\DAL\;C:\Program Files (x86)\Intel\TXE Components\DAL\;C:\Program Files\Intel\TXE Components\IPT\;C:\Program Files (x86)\Intel\TXE Components\IPT\;C:\Program Files\dotnet\;C:\Program Files\Microsoft SQL Server\130\Tools\Binn\;C:\Program Files\Microsoft SQL Server\Client SDK\ODBC\170\Tools\Binn\;C:\Program Files\Microsoft SQL Server\Client SDK\ODBC\130\Tools\Binn\;C:\Program Files\ibm\gsk8\lib64;C:\Program Files (x86)\ibm\gsk8\lib;C:\Program Files\Git\cmd;C:\Program Files (x86)\Microsoft SQL Server\140\Tools\Binn\;C:\Program Files\Microsoft SQL Server\140\Tools\Binn\;C:\Program Files (x86)\Microsoft SQL Server\140\DTS\Binn\;C:\Program Files\Microsoft SQL Server\140\DTS\Binn\;D:\application\NPM\;C:\Users\Test\AppData\Local\Microsoft\WindowsApps;C:\Users\Test\.dotnet\tools;D:\Intelege_Java\IntelliJ IDEA 2019.3.2\bin;;C:\Users\Test\AppData\Local\Programs\Microsoft VS Code\bin;C:\Users\Test\AppData\Roaming\npm;C:\Users\Test\.dotnet\tools
USERNAME=Test
OS=Windows_NT
PROCESSOR_IDENTIFIER=Intel64 Family 6 Model 122 Stepping 1, GenuineIntel



---------------  S Y S T E M  ---------------

OS: Windows 10 , 64 bit Build 18362 (10.0.18362.1110)
OS uptime: 4 days 2:37 hours

CPU:total 2 (initial active 2) (2 cores per cpu, 1 threads per core) family 6 model 122 stepping 1, cmov, cx8, fxsr, mmx, sse, sse2, sse3, ssse3, sse4.1, sse4.2, popcnt, aes, clmul, erms, 3dnowpref, tsc, tscinvbit, sha

Memory: 4k page, system-wide physical 3927M (398M free)
TotalPageFile size 8695M (AvailPageFile size 3796M)
current process WorkingSet (physical memory assigned to process): 341M, peak: 344M
current process commit charge ("private bytes"): 367M, peak: 370M

vm_info: OpenJDK 64-Bit Server VM (11.0.8+10-b944.34) for windows-amd64 JRE (11.0.8+10-b944.34), built on Sep 11 2020 15:32:11 by "" with MS VC++ 14.0 (VS2015)

END.
